<?xml version="1.0" encoding="UTF-8"?>
<testng-results skipped="0" failed="0" ignored="0" total="1" passed="1">
  <reporter-output>
  </reporter-output>
  <suite name="Default Suite" duration-ms="4608" started-at="2019-12-09T06:38:24Z" finished-at="2019-12-09T06:38:29Z">
    <groups>
    </groups>
    <test name="MavenSpreeEcommerce" duration-ms="4608" started-at="2019-12-09T06:38:24Z" finished-at="2019-12-09T06:38:29Z">
      <class name="LoginTestNgDemo">
        <test-method status="PASS" signature="verifyLogin()[pri:0, instance:LoginTestNgDemo@256216b3]" name="verifyLogin" duration-ms="4590" started-at="2019-12-09T06:38:24Z" finished-at="2019-12-09T06:38:28Z">
          <reporter-output>
          </reporter-output>
        </test-method> <!-- verifyLogin -->
      </class> <!-- LoginTestNgDemo -->
    </test> <!-- MavenSpreeEcommerce -->
  </suite> <!-- Default Suite -->
</testng-results>
